<?xml version="1.0" encoding="UTF-8"?>
<testng-results ignored="3" total="4" passed="1" failed="0" skipped="0">
  <reporter-output>
  </reporter-output>
  <suite started-at="2021-11-19T02:05:32 IST" name="Default suite" finished-at="2021-11-19T02:05:59 IST" duration-ms="27921">
    <groups>
    </groups>
    <test started-at="2021-11-19T02:05:32 IST" name="Default test" finished-at="2021-11-19T02:05:59 IST" duration-ms="27921">
      <class name="shoppersStopTestCase.hourlySalesReport">
        <test-method is-config="true" signature="initialize()[pri:0, instance:shoppersStopTestCase.hourlySalesReport@4d910fd6]" started-at="2021-11-19T02:05:24 IST" name="initialize" finished-at="2021-11-19T02:05:32 IST" duration-ms="7850" status="PASS">
          <reporter-output>
          </reporter-output>
        </test-method> <!-- initialize -->
        <test-method is-config="true" signature="setUp()[pri:0, instance:shoppersStopTestCase.hourlySalesReport@4d910fd6]" started-at="2021-11-19T02:05:32 IST" name="setUp" finished-at="2021-11-19T02:05:41 IST" duration-ms="9705" status="PASS">
          <reporter-output>
          </reporter-output>
        </test-method> <!-- setUp -->
        <test-method signature="validateTotalPercentage()[pri:4, instance:shoppersStopTestCase.hourlySalesReport@4d910fd6]" started-at="2021-11-19T02:05:41 IST" name="validateTotalPercentage" finished-at="2021-11-19T02:05:59 IST" duration-ms="18167" status="PASS">
          <reporter-output>
          </reporter-output>
        </test-method> <!-- validateTotalPercentage -->
        <test-method is-config="true" signature="tearDown()[pri:0, instance:shoppersStopTestCase.hourlySalesReport@4d910fd6]" started-at="2021-11-19T02:06:00 IST" name="tearDown" finished-at="2021-11-19T02:06:00 IST" duration-ms="478" status="PASS">
          <reporter-output>
          </reporter-output>
        </test-method> <!-- tearDown -->
      </class> <!-- shoppersStopTestCase.hourlySalesReport -->
    </test> <!-- Default test -->
  </suite> <!-- Default suite -->
</testng-results>
