<?xml version="1.0" encoding="UTF-8"?>
<!-- Generated by org.testng.reporters.JUnitXMLReporter -->
<testsuite ignored="3" hostname="DESKTOP-UTFMV6L" failures="0" tests="1" name="Default test" time="27.921" errors="0" timestamp="2021-11-19T02:05:59 IST">
  <testcase classname="shoppersStopTestCase.hourlySalesReport" name="validateTotalPercentage" time="18.167"/>
  <testcase classname="shoppersStopTestCase.hourlySalesReport" name="validateTotalCheck" time="0.0">
    <ignored/>
  </testcase> <!-- validateTotalCheck -->
  <testcase classname="shoppersStopTestCase.hourlySalesReport" name="validateTotalGrossSale" time="0.0">
    <ignored/>
  </testcase> <!-- validateTotalGrossSale -->
  <testcase classname="shoppersStopTestCase.hourlySalesReport" name="validateTotalNetSale" time="0.0">
    <ignored/>
  </testcase> <!-- validateTotalNetSale -->
</testsuite> <!-- Default test -->
